2022-05-04 11:10:38 data.ncloud_vpc.vpc: Refreshing state...
data.ncloud_subnet.vpc_lb_subnet1: Refreshing state...
data.ncloud_subnet.vpc_lb_subnet2: Refreshing state...
data.ncloud_lb_target_group.lb-tg-exechost3: Refreshing state...
data.ncloud_lb_target_group.lb-tg-exechost1: Refreshing state...
data.ncloud_lb_target_group.lb-tg-exechost2: Refreshing state...
data.ncloud_vpc.vpc: Refreshing state...
data.ncloud_lb_target_group.lb-tg-exechost2: Refreshing state...
data.ncloud_lb_target_group.lb-tg-exechost1: Refreshing state...
data.ncloud_lb_target_group.lb-tg-exechost3: Refreshing state...
data.ncloud_subnet.vpc_lb_subnet2: Refreshing state...
data.ncloud_subnet.vpc_lb_subnet1: Refreshing state...
2022-05-04 11:25:07
data.ncloud_vpc.vpc: Refreshing state...
data.ncloud_subnet.vpc_lb_subnet1: Refreshing state...
data.ncloud_subnet.vpc_lb_subnet2: Refreshing state...
data.ncloud_lb_target_group.lb-tg-exechost1: Refreshing state...
data.ncloud_lb_target_group.lb-tg-exechost2: Refreshing state...
data.ncloud_lb_target_group.lb-tg-exechost3: Refreshing state...
2022-05-04 11:26:23
[0m[1mdata.ncloud_vpc.vpc: Refreshing state...[0m
[0m[1mdata.ncloud_subnet.vpc_lb_subnet2: Refreshing state...[0m
[0m[1mdata.ncloud_lb_target_group.lb-tg-exechost3: Refreshing state...[0m
[0m[1mdata.ncloud_lb_target_group.lb-tg-exechost2: Refreshing state...[0m
[0m[1mdata.ncloud_lb_target_group.lb-tg-exechost1: Refreshing state...[0m
[0m[1mdata.ncloud_subnet.vpc_lb_subnet1: Refreshing state...[0m
2022-05-04 11:38:14
2022-05-04 11:38:45
